{
  "RSpec": {
    "coverage": {
      "/home/jacqueline/user/user-hackety-hack.com/spec/support/mailer_macros.rb": [
        1,
        1,
        0,
        null,
        null,
        1,
        34,
        null,
        null,
        null
      ],
      "/home/jacqueline/user/user-hackety-hack.com/spec/controllers/blog_controller_spec.rb": [
        1,
        null,
        1,
        11,
        3,
        null,
        1,
        1,
        1,
        1,
        null,
        null,
        1,
        1,
        2,
        2,
        2,
        2,
        null,
        1,
        1,
        null,
        1,
        1,
        null,
        null,
        null,
        null,
        1,
        1,
        2,
        2,
        null,
        2,
        2,
        null,
        null,
        1,
        1,
        1,
        1,
        null,
        null,
        2,
        null,
        null,
        1,
        1,
        3,
        3,
        null,
        2,
        2,
        2,
        null,
        1,
        1,
        3,
        3,
        3,
        null,
        2,
        2,
        2,
        null,
        null,
        null,
        1,
        1,
        1,
        1,
        null,
        null,
        2,
        null,
        null,
        1,
        1,
        2,
        2,
        null,
        null,
        2,
        null,
        2,
        null,
        null,
        1,
        1,
        2,
        null,
        null,
        1,
        1,
        1,
        null,
        null,
        1,
        2,
        null,
        null,
        null,
        null,
        null
      ],
      "/home/jacqueline/user/user-hackety-hack.com/spec/controllers/omniauth_callbacks_controller_spec.rb": [
        1,
        null,
        1,
        null,
        null
      ],
      "/home/jacqueline/user/user-hackety-hack.com/spec/controllers/questions_controller_spec.rb": [
        1,
        null,
        1,
        null,
        1,
        1,
        1,
        1,
        1,
        null,
        null,
        null,
        null
      ],
      "/home/jacqueline/user/user-hackety-hack.com/spec/following_policy_spec.rb": [
        1,
        null,
        1,
        1,
        3,
        3,
        null,
        null,
        1,
        1,
        1,
        1,
        null,
        null,
        1,
        1,
        1,
        1,
        null,
        null,
        1,
        1,
        1,
        1,
        1,
        null,
        null,
        null
      ],
      "/home/jacqueline/user/user-hackety-hack.com/spec/helpers/blog_helper_spec.rb": [
        1,
        null,
        null,
        null,
        null,
        null,
        null,
        null,
        null,
        null,
        null,
        null,
        1,
        1,
        null
      ],
      "/home/jacqueline/user/user-hackety-hack.com/spec/helpers/omniauth_callbacks_helper_spec.rb": [
        1,
        null,
        null,
        null,
        null,
        null,
        null,
        null,
        null,
        null,
        null,
        null,
        1,
        1,
        null
      ],
      "/home/jacqueline/user/user-hackety-hack.com/spec/mailers/notification_spec.rb": [
        1,
        null,
        1,
        1,
        5,
        5,
        null,
        1,
        1,
        null,
        null,
        1,
        1,
        null,
        null,
        1,
        1,
        null,
        null,
        1,
        1,
        null,
        null,
        null
      ],
      "/home/jacqueline/user/user-hackety-hack.com/spec/models/blog_post_spec.rb": [
        1,
        null,
        1,
        1,
        null
      ],
      "/home/jacqueline/user/user-hackety-hack.com/spec/requests/_user.html.hamls_spec.rb": [
        1,
        1,
        null,
        1,
        1,
        1,
        1,
        null,
        null,
        1,
        1,
        1,
        1,
        null,
        null,
        null
      ],
      "/home/jacqueline/user/user-hackety-hack.com/spec/unit/program_spec.rb": [
        1,
        null,
        1,
        3,
        null,
        1,
        1,
        null,
        null,
        1,
        1,
        null,
        null,
        1,
        null,
        null
      ],
      "/home/jacqueline/user/user-hackety-hack.com/spec/unit/sluggifier_spec.rb": [
        null,
        null,
        1,
        1,
        null,
        1,
        1,
        1,
        1,
        null,
        null,
        1,
        3,
        null,
        1,
        1,
        null,
        null,
        1,
        1,
        1,
        null,
        null,
        null,
        null,
        null,
        null
      ],
      "/home/jacqueline/user/user-hackety-hack.com/spec/views/questions/index.atom.builder_spec.rb": [
        1,
        null,
        1,
        2,
        null,
        2,
        null,
        1,
        1,
        1,
        1,
        1,
        1,
        null,
        null
      ],
      "/home/jacqueline/user/user-hackety-hack.com/spec/views/questions/index.html.haml_spec.rb": [
        1,
        null,
        1,
        2,
        null,
        1,
        null,
        1,
        1,
        null,
        1,
        null,
        null,
        1,
        1,
        1,
        null,
        null
      ],
      "/home/jacqueline/user/user-hackety-hack.com/spec/fabricators/answer_fabricator.rb": [
        1,
        1,
        1,
        null
      ],
      "/home/jacqueline/user/user-hackety-hack.com/spec/fabricators/blog_post_fabricator.rb": [
        1,
        1,
        1,
        null,
        null,
        1,
        1,
        1,
        null
      ],
      "/home/jacqueline/user/user-hackety-hack.com/spec/fabricators/program_fabricator.rb": [
        1,
        1,
        1,
        1,
        1,
        null
      ],
      "/home/jacqueline/user/user-hackety-hack.com/spec/fabricators/question_fabricator.rb": [
        1,
        1,
        1,
        1,
        null
      ],
      "/home/jacqueline/user/user-hackety-hack.com/spec/fabricators/rel_fabricator.rb": [
        1,
        1,
        1,
        null
      ],
      "/home/jacqueline/user/user-hackety-hack.com/spec/fabricators/user_fabricator.rb": [
        1,
        27,
        1,
        1,
        27,
        null
      ]
    },
    "timestamp": 1375447619
  }
}
